<?xml version="1.0" encoding="UTF-8"?>
<coverage generated="1659869567777" clover="3.2.0">
  <project timestamp="1659869567777" name="All files">
    <metrics statements="35" coveredstatements="35" conditionals="37" coveredconditionals="37" methods="19" coveredmethods="19" elements="91" coveredelements="91" complexity="0" loc="35" ncloc="35" packages="2" files="3" classes="3"/>
    <package name="src">
      <metrics statements="1" coveredstatements="1" conditionals="0" coveredconditionals="0" methods="1" coveredmethods="1"/>
      <file name="App.js" path="/home/portuga/tic-tac-toe/src/App.js">
        <metrics statements="1" coveredstatements="1" conditionals="0" coveredconditionals="0" methods="1" coveredmethods="1"/>
        <line num="7" count="8" type="stmt"/>
      </file>
    </package>
    <package name="src.components">
      <metrics statements="34" coveredstatements="34" conditionals="37" coveredconditionals="37" methods="18" coveredmethods="18"/>
      <file name="Result.jsx" path="/home/portuga/tic-tac-toe/src/components/Result.jsx">
        <metrics statements="2" coveredstatements="2" conditionals="13" coveredconditionals="13" methods="1" coveredmethods="1"/>
        <line num="5" count="123" type="stmt"/>
        <line num="6" count="123" type="stmt"/>
      </file>
      <file name="TicTacToe.jsx" path="/home/portuga/tic-tac-toe/src/components/TicTacToe.jsx">
        <metrics statements="32" coveredstatements="32" conditionals="24" coveredconditionals="24" methods="17" coveredmethods="17"/>
        <line num="6" count="123" type="stmt"/>
        <line num="9" count="123" type="stmt"/>
        <line num="11" count="123" type="stmt"/>
        <line num="12" count="96" type="stmt"/>
        <line num="13" count="96" type="stmt"/>
        <line num="26" count="96" type="stmt"/>
        <line num="27" count="96" type="stmt"/>
        <line num="28" count="1034" type="cond" truecount="4" falsecount="0"/>
        <line num="29" count="13" type="stmt"/>
        <line num="30" count="13" type="stmt"/>
        <line num="35" count="252" type="cond" truecount="4" falsecount="0"/>
        <line num="36" count="1" type="stmt"/>
        <line num="37" count="1" type="stmt"/>
        <line num="40" count="96" type="stmt"/>
        <line num="43" count="123" type="stmt"/>
        <line num="44" count="109" type="stmt"/>
        <line num="45" count="109" type="cond" truecount="2" falsecount="0"/>
        <line num="46" count="13" type="cond" truecount="2" falsecount="0"/>
        <line num="47" count="7" type="stmt"/>
        <line num="49" count="6" type="stmt"/>
        <line num="53" count="109" type="stmt"/>
        <line num="56" count="123" type="stmt"/>
        <line num="57" count="89" type="cond" truecount="4" falsecount="0"/>
        <line num="58" count="720" type="cond" truecount="2" falsecount="0"/>
        <line num="59" count="80" type="cond" truecount="2" falsecount="0"/>
        <line num="62" count="89" type="cond" truecount="4" falsecount="0"/>
        <line num="63" count="8" type="stmt"/>
        <line num="64" count="8" type="stmt"/>
        <line num="65" count="8" type="stmt"/>
        <line num="69" count="123" type="stmt"/>
        <line num="72" count="1107" type="stmt"/>
        <line num="76" count="89" type="stmt"/>
      </file>
    </package>
  </project>
</coverage>
