{"/home/portuga/tic-tac-toe/src/App.js": {"path":"/home/portuga/tic-tac-toe/src/App.js","statementMap":{"0":{"start":{"line":7,"column":2},"end":{"line":14,"column":4}}},"fnMap":{"0":{"name":"App","decl":{"start":{"line":6,"column":9},"end":{"line":6,"column":12}},"loc":{"start":{"line":6,"column":15},"end":{"line":15,"column":1}},"line":6}},"branchMap":{},"s":{"0":8},"f":{"0":8},"b":{},"_coverageSchema":"1a1c01bbd47fc00a2c39e90264f33305004495a9","hash":"e5f4c042dfc3014c56889b41144fea5390c08a97"}
,"/home/portuga/tic-tac-toe/src/components/Result.jsx": {"path":"/home/portuga/tic-tac-toe/src/components/Result.jsx","statementMap":{"0":{"start":{"line":5,"column":70},"end":{"line":5,"column":98}},"1":{"start":{"line":6,"column":2},"end":{"line":21,"column":4}}},"fnMap":{"0":{"name":"Result","decl":{"start":{"line":4,"column":9},"end":{"line":4,"column":15}},"loc":{"start":{"line":4,"column":18},"end":{"line":22,"column":1}},"line":4}},"branchMap":{"0":{"loc":{"start":{"line":8,"column":25},"end":{"line":8,"column":57}},"type":"binary-expr","locations":[{"start":{"line":8,"column":25},"end":{"line":8,"column":46}},{"start":{"line":8,"column":50},"end":{"line":8,"column":57}}],"line":8},"1":{"loc":{"start":{"line":8,"column":62},"end":{"line":8,"column":92}},"type":"binary-expr","locations":[{"start":{"line":8,"column":63},"end":{"line":8,"column":69}},{"start":{"line":8,"column":73},"end":{"line":8,"column":80}},{"start":{"line":8,"column":85},"end":{"line":8,"column":92}}],"line":8},"2":{"loc":{"start":{"line":12,"column":25},"end":{"line":12,"column":55}},"type":"binary-expr","locations":[{"start":{"line":12,"column":26},"end":{"line":12,"column":32}},{"start":{"line":12,"column":36},"end":{"line":12,"column":43}},{"start":{"line":12,"column":48},"end":{"line":12,"column":55}}],"line":12},"3":{"loc":{"start":{"line":16,"column":25},"end":{"line":16,"column":57}},"type":"binary-expr","locations":[{"start":{"line":16,"column":25},"end":{"line":16,"column":46}},{"start":{"line":16,"column":50},"end":{"line":16,"column":57}}],"line":16},"4":{"loc":{"start":{"line":16,"column":62},"end":{"line":16,"column":92}},"type":"binary-expr","locations":[{"start":{"line":16,"column":63},"end":{"line":16,"column":69}},{"start":{"line":16,"column":73},"end":{"line":16,"column":80}},{"start":{"line":16,"column":85},"end":{"line":16,"column":92}}],"line":16}},"s":{"0":123,"1":123},"f":{"0":123},"b":{"0":[123,61],"1":[123,97,27],"2":[123,97,27],"3":[123,62],"4":[123,97,27]},"_coverageSchema":"1a1c01bbd47fc00a2c39e90264f33305004495a9","hash":"dd9cdddd627800fe07da1952b21fde7def7318c1"}
,"/home/portuga/tic-tac-toe/src/components/TicTacToe.jsx": {"path":"/home/portuga/tic-tac-toe/src/components/TicTacToe.jsx","statementMap":{"0":{"start":{"line":6,"column":26},"end":{"line":6,"column":53}},"1":{"start":{"line":9,"column":62},"end":{"line":9,"column":90}},"2":{"start":{"line":11,"column":2},"end":{"line":41,"column":44}},"3":{"start":{"line":12,"column":24},"end":{"line":39,"column":5}},"4":{"start":{"line":13,"column":32},"end":{"line":24,"column":7}},"5":{"start":{"line":26,"column":16},"end":{"line":26,"column":21}},"6":{"start":{"line":27,"column":6},"end":{"line":32,"column":9}},"7":{"start":{"line":28,"column":8},"end":{"line":31,"column":9}},"8":{"start":{"line":28,"column":39},"end":{"line":28,"column":53}},"9":{"start":{"line":28,"column":85},"end":{"line":28,"column":99}},"10":{"start":{"line":29,"column":10},"end":{"line":29,"column":26}},"11":{"start":{"line":30,"column":10},"end":{"line":30,"column":21}},"12":{"start":{"line":35,"column":6},"end":{"line":38,"column":7}},"13":{"start":{"line":35,"column":33},"end":{"line":35,"column":39}},"14":{"start":{"line":36,"column":8},"end":{"line":36,"column":45}},"15":{"start":{"line":36,"column":30},"end":{"line":36,"column":43}},"16":{"start":{"line":37,"column":8},"end":{"line":37,"column":25}},"17":{"start":{"line":40,"column":4},"end":{"line":40,"column":18}},"18":{"start":{"line":43,"column":2},"end":{"line":54,"column":56}},"19":{"start":{"line":44,"column":22},"end":{"line":52,"column":5}},"20":{"start":{"line":45,"column":6},"end":{"line":51,"column":7}},"21":{"start":{"line":46,"column":8},"end":{"line":50,"column":9}},"22":{"start":{"line":47,"column":10},"end":{"line":47,"column":52}},"23":{"start":{"line":47,"column":37},"end":{"line":47,"column":50}},"24":{"start":{"line":49,"column":10},"end":{"line":49,"column":52}},"25":{"start":{"line":49,"column":37},"end":{"line":49,"column":50}},"26":{"start":{"line":53,"column":4},"end":{"line":53,"column":16}},"27":{"start":{"line":56,"column":22},"end":{"line":67,"column":3}},"28":{"start":{"line":57,"column":4},"end":{"line":60,"column":5}},"29":{"start":{"line":58,"column":6},"end":{"line":58,"column":97}},"30":{"start":{"line":58,"column":48},"end":{"line":58,"column":94}},"31":{"start":{"line":59,"column":6},"end":{"line":59,"column":69}},"32":{"start":{"line":59,"column":38},"end":{"line":59,"column":67}},"33":{"start":{"line":62,"column":4},"end":{"line":66,"column":5}},"34":{"start":{"line":63,"column":6},"end":{"line":63,"column":33}},"35":{"start":{"line":64,"column":6},"end":{"line":64,"column":23}},"36":{"start":{"line":65,"column":6},"end":{"line":65,"column":24}},"37":{"start":{"line":69,"column":2},"end":{"line":84,"column":3}},"38":{"start":{"line":72,"column":8},"end":{"line":81,"column":10}},"39":{"start":{"line":76,"column":28},"end":{"line":76,"column":54}}},"fnMap":{"0":{"name":"TicTacToe","decl":{"start":{"line":5,"column":9},"end":{"line":5,"column":18}},"loc":{"start":{"line":5,"column":21},"end":{"line":85,"column":1}},"line":5},"1":{"name":"(anonymous_1)","decl":{"start":{"line":11,"column":12},"end":{"line":11,"column":13}},"loc":{"start":{"line":11,"column":18},"end":{"line":41,"column":3}},"line":11},"2":{"name":"(anonymous_2)","decl":{"start":{"line":12,"column":24},"end":{"line":12,"column":25}},"loc":{"start":{"line":12,"column":30},"end":{"line":39,"column":5}},"line":12},"3":{"name":"(anonymous_3)","decl":{"start":{"line":27,"column":32},"end":{"line":27,"column":33}},"loc":{"start":{"line":27,"column":46},"end":{"line":32,"column":7}},"line":27},"4":{"name":"(anonymous_4)","decl":{"start":{"line":28,"column":27},"end":{"line":28,"column":28}},"loc":{"start":{"line":28,"column":39},"end":{"line":28,"column":53}},"line":28},"5":{"name":"(anonymous_5)","decl":{"start":{"line":28,"column":73},"end":{"line":28,"column":74}},"loc":{"start":{"line":28,"column":85},"end":{"line":28,"column":99}},"line":28},"6":{"name":"(anonymous_6)","decl":{"start":{"line":35,"column":21},"end":{"line":35,"column":22}},"loc":{"start":{"line":35,"column":33},"end":{"line":35,"column":39}},"line":35},"7":{"name":"(anonymous_7)","decl":{"start":{"line":36,"column":15},"end":{"line":36,"column":16}},"loc":{"start":{"line":36,"column":30},"end":{"line":36,"column":43}},"line":36},"8":{"name":"(anonymous_8)","decl":{"start":{"line":43,"column":12},"end":{"line":43,"column":13}},"loc":{"start":{"line":43,"column":18},"end":{"line":54,"column":3}},"line":43},"9":{"name":"(anonymous_9)","decl":{"start":{"line":44,"column":22},"end":{"line":44,"column":23}},"loc":{"start":{"line":44,"column":28},"end":{"line":52,"column":5}},"line":44},"10":{"name":"(anonymous_10)","decl":{"start":{"line":47,"column":22},"end":{"line":47,"column":23}},"loc":{"start":{"line":47,"column":37},"end":{"line":47,"column":50}},"line":47},"11":{"name":"(anonymous_11)","decl":{"start":{"line":49,"column":22},"end":{"line":49,"column":23}},"loc":{"start":{"line":49,"column":37},"end":{"line":49,"column":50}},"line":49},"12":{"name":"(anonymous_12)","decl":{"start":{"line":56,"column":22},"end":{"line":56,"column":23}},"loc":{"start":{"line":56,"column":39},"end":{"line":67,"column":3}},"line":56},"13":{"name":"(anonymous_13)","decl":{"start":{"line":58,"column":23},"end":{"line":58,"column":24}},"loc":{"start":{"line":58,"column":48},"end":{"line":58,"column":94}},"line":58},"14":{"name":"(anonymous_14)","decl":{"start":{"line":59,"column":23},"end":{"line":59,"column":24}},"loc":{"start":{"line":59,"column":38},"end":{"line":59,"column":67}},"line":59},"15":{"name":"(anonymous_15)","decl":{"start":{"line":71,"column":16},"end":{"line":71,"column":17}},"loc":{"start":{"line":71,"column":35},"end":{"line":82,"column":7}},"line":71},"16":{"name":"(anonymous_16)","decl":{"start":{"line":76,"column":22},"end":{"line":76,"column":23}},"loc":{"start":{"line":76,"column":28},"end":{"line":76,"column":54}},"line":76}},"branchMap":{"0":{"loc":{"start":{"line":28,"column":8},"end":{"line":31,"column":9}},"type":"if","locations":[{"start":{"line":28,"column":8},"end":{"line":31,"column":9}},{"start":{},"end":{}}],"line":28},"1":{"loc":{"start":{"line":28,"column":12},"end":{"line":28,"column":100}},"type":"binary-expr","locations":[{"start":{"line":28,"column":12},"end":{"line":28,"column":54}},{"start":{"line":28,"column":58},"end":{"line":28,"column":100}}],"line":28},"2":{"loc":{"start":{"line":35,"column":6},"end":{"line":38,"column":7}},"type":"if","locations":[{"start":{"line":35,"column":6},"end":{"line":38,"column":7}},{"start":{},"end":{}}],"line":35},"3":{"loc":{"start":{"line":35,"column":10},"end":{"line":35,"column":48}},"type":"binary-expr","locations":[{"start":{"line":35,"column":10},"end":{"line":35,"column":40}},{"start":{"line":35,"column":44},"end":{"line":35,"column":48}}],"line":35},"4":{"loc":{"start":{"line":45,"column":6},"end":{"line":51,"column":7}},"type":"if","locations":[{"start":{"line":45,"column":6},"end":{"line":51,"column":7}},{"start":{},"end":{}}],"line":45},"5":{"loc":{"start":{"line":46,"column":8},"end":{"line":50,"column":9}},"type":"if","locations":[{"start":{"line":46,"column":8},"end":{"line":50,"column":9}},{"start":{"line":48,"column":15},"end":{"line":50,"column":9}}],"line":46},"6":{"loc":{"start":{"line":57,"column":4},"end":{"line":60,"column":5}},"type":"if","locations":[{"start":{"line":57,"column":4},"end":{"line":60,"column":5}},{"start":{},"end":{}}],"line":57},"7":{"loc":{"start":{"line":57,"column":8},"end":{"line":57,"column":24}},"type":"binary-expr","locations":[{"start":{"line":57,"column":8},"end":{"line":57,"column":13}},{"start":{"line":57,"column":17},"end":{"line":57,"column":24}}],"line":57},"8":{"loc":{"start":{"line":58,"column":48},"end":{"line":58,"column":94}},"type":"cond-expr","locations":[{"start":{"line":58,"column":72},"end":{"line":58,"column":85}},{"start":{"line":58,"column":88},"end":{"line":58,"column":94}}],"line":58},"9":{"loc":{"start":{"line":59,"column":38},"end":{"line":59,"column":67}},"type":"cond-expr","locations":[{"start":{"line":59,"column":58},"end":{"line":59,"column":61}},{"start":{"line":59,"column":64},"end":{"line":59,"column":67}}],"line":59},"10":{"loc":{"start":{"line":62,"column":4},"end":{"line":66,"column":5}},"type":"if","locations":[{"start":{"line":62,"column":4},"end":{"line":66,"column":5}},{"start":{},"end":{}}],"line":62},"11":{"loc":{"start":{"line":62,"column":8},"end":{"line":62,"column":25}},"type":"binary-expr","locations":[{"start":{"line":62,"column":8},"end":{"line":62,"column":14}},{"start":{"line":62,"column":18},"end":{"line":62,"column":25}}],"line":62}},"s":{"0":123,"1":123,"2":123,"3":96,"4":96,"5":96,"6":96,"7":768,"8":1034,"9":940,"10":13,"11":13,"12":96,"13":252,"14":1,"15":1,"16":1,"17":96,"18":123,"19":109,"20":109,"21":13,"22":7,"23":7,"24":6,"25":6,"26":109,"27":123,"28":89,"29":80,"30":720,"31":80,"32":80,"33":89,"34":8,"35":8,"36":8,"37":123,"38":1107,"39":89},"f":{"0":123,"1":96,"2":96,"3":768,"4":1034,"5":940,"6":252,"7":1,"8":109,"9":109,"10":7,"11":6,"12":89,"13":720,"14":80,"15":1107,"16":89},"b":{"0":[13,755],"1":[768,761],"2":[1,95],"3":[96,2],"4":[13,96],"5":[7,6],"6":[80,9],"7":[89,82],"8":[80,640],"9":[42,38],"10":[8,81],"11":[89,81]},"_coverageSchema":"1a1c01bbd47fc00a2c39e90264f33305004495a9","hash":"b3fa47753954c501c516f958e25918c969524ed3"}
}
