TN:
SF:src/App.js
FN:6,App
FNF:1
FNH:1
FNDA:8,App
DA:7,8
LF:1
LH:1
BRF:0
BRH:0
end_of_record
TN:
SF:src/components/Result.jsx
FN:4,Result
FNF:1
FNH:1
FNDA:123,Result
DA:5,123
DA:6,123
LF:2
LH:2
BRDA:8,0,0,123
BRDA:8,0,1,61
BRDA:8,1,0,123
BRDA:8,1,1,97
BRDA:8,1,2,27
BRDA:12,2,0,123
BRDA:12,2,1,97
BRDA:12,2,2,27
BRDA:16,3,0,123
BRDA:16,3,1,62
BRDA:16,4,0,123
BRDA:16,4,1,97
BRDA:16,4,2,27
BRF:13
BRH:13
end_of_record
TN:
SF:src/components/TicTacToe.jsx
FN:5,TicTacToe
FN:11,(anonymous_1)
FN:12,(anonymous_2)
FN:27,(anonymous_3)
FN:28,(anonymous_4)
FN:28,(anonymous_5)
FN:35,(anonymous_6)
FN:36,(anonymous_7)
FN:43,(anonymous_8)
FN:44,(anonymous_9)
FN:47,(anonymous_10)
FN:49,(anonymous_11)
FN:56,(anonymous_12)
FN:58,(anonymous_13)
FN:59,(anonymous_14)
FN:71,(anonymous_15)
FN:76,(anonymous_16)
FNF:17
FNH:17
FNDA:123,TicTacToe
FNDA:96,(anonymous_1)
FNDA:96,(anonymous_2)
FNDA:768,(anonymous_3)
FNDA:1034,(anonymous_4)
FNDA:940,(anonymous_5)
FNDA:252,(anonymous_6)
FNDA:1,(anonymous_7)
FNDA:109,(anonymous_8)
FNDA:109,(anonymous_9)
FNDA:7,(anonymous_10)
FNDA:6,(anonymous_11)
FNDA:89,(anonymous_12)
FNDA:720,(anonymous_13)
FNDA:80,(anonymous_14)
FNDA:1107,(anonymous_15)
FNDA:89,(anonymous_16)
DA:6,123
DA:9,123
DA:11,123
DA:12,96
DA:13,96
DA:26,96
DA:27,96
DA:28,1034
DA:29,13
DA:30,13
DA:35,252
DA:36,1
DA:37,1
DA:40,96
DA:43,123
DA:44,109
DA:45,109
DA:46,13
DA:47,7
DA:49,6
DA:53,109
DA:56,123
DA:57,89
DA:58,720
DA:59,80
DA:62,89
DA:63,8
DA:64,8
DA:65,8
DA:69,123
DA:72,1107
DA:76,89
LF:32
LH:32
BRDA:28,0,0,13
BRDA:28,0,1,755
BRDA:28,1,0,768
BRDA:28,1,1,761
BRDA:35,2,0,1
BRDA:35,2,1,95
BRDA:35,3,0,96
BRDA:35,3,1,2
BRDA:45,4,0,13
BRDA:45,4,1,96
BRDA:46,5,0,7
BRDA:46,5,1,6
BRDA:57,6,0,80
BRDA:57,6,1,9
BRDA:57,7,0,89
BRDA:57,7,1,82
BRDA:58,8,0,80
BRDA:58,8,1,640
BRDA:59,9,0,42
BRDA:59,9,1,38
BRDA:62,10,0,8
BRDA:62,10,1,81
BRDA:62,11,0,89
BRDA:62,11,1,81
BRF:24
BRH:24
end_of_record
